  adding: COEX_3000atm/245K/COLVAR (deflated 70%)
  adding: COEX_3000atm/250K/COLVAR (deflated 70%)
  adding: COEX_3000atm/255K/COLVAR (deflated 70%)
  adding: COEX_3000atm/260K/COLVAR (deflated 69%)
  adding: COEX_3000atm/275K/COLVAR (deflated 69%)
  adding: COEX_6000atm/245K/COLVAR (deflated 70%)
  adding: COEX_6000atm/250K/COLVAR (deflated 70%)
  adding: COEX_6000atm/255K/COLVAR (deflated 70%)
  adding: COEX_6000atm/260K/COLVAR (deflated 69%)
  adding: COEX_6000atm/275K/COLVAR (deflated 69%)
  adding: COEX_3000atm/245K/DELTAFS (deflated 61%)
  adding: COEX_3000atm/250K/DELTAFS (deflated 62%)
  adding: COEX_3000atm/255K/DELTAFS (deflated 62%)
  adding: COEX_3000atm/260K/DELTAFS (deflated 62%)
  adding: COEX_3000atm/275K/DELTAFS (deflated 62%)
  adding: COEX_6000atm/245K/DELTAFS (deflated 61%)
  adding: COEX_6000atm/250K/DELTAFS (deflated 61%)
  adding: COEX_6000atm/255K/DELTAFS (deflated 62%)
  adding: COEX_6000atm/260K/DELTAFS (deflated 61%)
  adding: COEX_6000atm/275K/DELTAFS (deflated 61%)
Archive:  coex.zip
replace COEX_3000atm/245K/COLVAR? [y]es, [n]o, [A]ll, [N]one, [r]ename:   inflating: COEX_3000atm/245K/COLVAR  
replace COEX_3000atm/250K/COLVAR? [y]es, [n]o, [A]ll, [N]one, [r]ename:   inflating: COEX_3000atm/250K/COLVAR  
replace COEX_3000atm/255K/COLVAR? [y]es, [n]o, [A]ll, [N]one, [r]ename:   inflating: COEX_3000atm/255K/COLVAR  
replace COEX_3000atm/260K/COLVAR? [y]es, [n]o, [A]ll, [N]one, [r]ename:   inflating: COEX_3000atm/260K/COLVAR  
  inflating: COEX_3000atm/275K/COLVAR  
replace COEX_6000atm/245K/COLVAR? [y]es, [n]o, [A]ll, [N]one, [r]ename:   inflating: COEX_6000atm/245K/COLVAR  
replace COEX_6000atm/250K/COLVAR? [y]es, [n]o, [A]ll, [N]one, [r]ename:   inflating: COEX_6000atm/250K/COLVAR  
replace COEX_6000atm/255K/COLVAR? [y]es, [n]o, [A]ll, [N]one, [r]ename:   inflating: COEX_6000atm/255K/COLVAR  
replace COEX_6000atm/260K/COLVAR? [y]es, [n]o, [A]ll, [N]one, [r]ename:   inflating: COEX_6000atm/260K/COLVAR  
  inflating: COEX_6000atm/275K/COLVAR  
replace COEX_3000atm/245K/DELTAFS? [y]es, [n]o, [A]ll, [N]one, [r]ename:   inflating: COEX_3000atm/245K/DELTAFS  
replace COEX_3000atm/250K/DELTAFS? [y]es, [n]o, [A]ll, [N]one, [r]ename:   inflating: COEX_3000atm/250K/DELTAFS  
replace COEX_3000atm/255K/DELTAFS? [y]es, [n]o, [A]ll, [N]one, [r]ename:   inflating: COEX_3000atm/255K/DELTAFS  
replace COEX_3000atm/260K/DELTAFS? [y]es, [n]o, [A]ll, [N]one, [r]ename:   inflating: COEX_3000atm/260K/DELTAFS  
  inflating: COEX_3000atm/275K/DELTAFS  
replace COEX_6000atm/245K/DELTAFS? [y]es, [n]o, [A]ll, [N]one, [r]ename:   inflating: COEX_6000atm/245K/DELTAFS  
  inflating: COEX_6000atm/250K/DELTAFS  
  inflating: COEX_6000atm/255K/DELTAFS  
  inflating: COEX_6000atm/260K/DELTAFS  replace COEX_6000atm/250K/DELTAFS? [y]es, [n]o, [A]ll, [N]one, [r]ename: replace COEX_6000atm/255K/DELTAFS? [y]es, [n]o, [A]ll, [N]one, [r]ename: replace COEX_6000atm/260K/DELTAFS? [y]es, [n]o, [A]ll, [N]one, [r]ename: 
  inflating: COEX_6000atm/275K/DELTAFS  
#pressure/atm  T/K                 Hfus/kJ/(mol)       Sfus/kJ/(mol K)     
2000           244.5               5.9                 0.02404             
3000           248.8               6.3                 0.02530             
4000           251.1               6.5                 0.02607             
5000           251.2               5.2                 0.02087             
6000           254.2               6.3                 0.02481             {'singlePressure': '3000.0atm', 'singleTemperature': '255.0K', 'n_temps': 5, 'n_press': 1, 'nmpi': 1, 'fig1_size': [12, 6.5], 'fig2_size': [7.2, 4.5], 'IGNORE': [], 'plotRef': [['Exp', '../../ReferenceData/exp_pd.dat', 9.86923]]}
COEX_2000atm/240K/
COEX_2000atm/260K/
COEX_3000atm/250K/
COEX_3000atm/260K/
COEX_3000atm/255K/
COEX_3000atm/245K/
COEX_3000atm/275K/
COEX_6000atm/275K/
COEX_6000atm/245K/
COEX_6000atm/255K/
COEX_6000atm/260K/
COEX_6000atm/250K/
COEX_4000atm/260K/
COEX_4000atm/240K/
COEX_5000atm/240K/
COEX_5000atm/260K/
[0;31m---------------------------------------------------------------------------[0m
[0;31mAttributeError[0m                            Traceback (most recent call last)
[0;32m~/projects/DeepMDPhaseDiagram/4-PhaseDiagram/IceII-Liquid/5-BiasedCoexistence_3rd/AnalyzeCoexistence.ipynb[0m in [0;36m<module>[0;34m[0m
[1;32m     21[0m         [0mG0[0m[0;34m=[0m[0mchempots[0m[0;34m[[0m[0mp[0m[0;34m][0m[0;34m[[0m[0mi[0m[0;34m][0m[0;34m[[0m[0;36m1[0m[0;34m][0m[0;34m[0m[0;34m[0m[0m
[1;32m     22[0m         [0mindex[0m[0;34m=[0m[0mnp[0m[0;34m.[0m[0mwhere[0m[0;34m([0m[0mnp[0m[0;34m.[0m[0mabs[0m[0;34m([0m[0mchempots[0m[0;34m[[0m[0mp[0m[0;34m][0m[0;34m[[0m[0mi[0m[0;34m][0m[0;34m[[0m[0;36m0[0m[0;34m][0m[0;34m-[0m[0mT[0m[0;34m)[0m[0;34m==[0m[0mnp[0m[0;34m.[0m[0mabs[0m[0;34m([0m[0mchempots[0m[0;34m[[0m[0mp[0m[0;34m][0m[0;34m[[0m[0mi[0m[0;34m][0m[0;34m[[0m[0;36m0[0m[0;34m][0m[0;34m-[0m[0mT[0m[0;34m)[0m[0;34m.[0m[0mmin[0m[0;34m([0m[0;34m)[0m[0;34m)[0m[0;34m[[0m[0;36m0[0m[0;34m][0m[0;34m[[0m[0;36m0[0m[0;34m][0m[0;34m[0m[0;34m[0m[0m
[0;32m---> 23[0;31m         [0mintegral[0m [0;34m=[0m [0mT[0m[0;34m[[0m[0mindex[0m[0;34m:[0m[0;34m][0m[0;34m*[0m[0mG0[0m[0;34m/[0m[0mT[0m[0;34m[[0m[0mindex[0m[0;34m][0m[0;34m+[0m[0mT[0m[0;34m[[0m[0mindex[0m[0;34m:[0m[0;34m][0m[0;34m*[0m[0mintegrate[0m[0;34m.[0m[0mcumulative_trapezoid[0m[0;34m([0m[0mintegrand[0m[0;34m[[0m[0mindex[0m[0;34m:[0m[0;34m][0m[0;34m,[0m [0mT[0m[0;34m[[0m[0mindex[0m[0;34m:[0m[0;34m][0m[0;34m,[0m [0minitial[0m[0;34m=[0m[0;36m0[0m[0;34m)[0m[0;34m[0m[0;34m[0m[0m
[0m[1;32m     24[0m         [0mintegral2[0m [0;34m=[0m [0mT[0m[0;34m[[0m[0mindex[0m[0;34m:[0m[0;34m:[0m[0;34m-[0m[0;36m1[0m[0;34m][0m[0;34m*[0m[0mG0[0m[0;34m/[0m[0mT[0m[0;34m[[0m[0mindex[0m[0;34m][0m[0;34m+[0m[0mT[0m[0;34m[[0m[0mindex[0m[0;34m:[0m[0;34m:[0m[0;34m-[0m[0;36m1[0m[0;34m][0m[0;34m*[0m[0mintegrate[0m[0;34m.[0m[0mcumulative_trapezoid[0m[0;34m([0m[0mintegrand[0m[0;34m[[0m[0mindex[0m[0;34m:[0m[0;34m:[0m[0;34m-[0m[0;36m1[0m[0;34m][0m[0;34m,[0m [0mT[0m[0;34m[[0m[0mindex[0m[0;34m:[0m[0;34m:[0m[0;34m-[0m[0;36m1[0m[0;34m][0m[0;34m,[0m [0minitial[0m[0;34m=[0m[0;36m0[0m[0;34m)[0m[0;34m[0m[0;34m[0m[0m
[1;32m     25[0m [0;34m[0m[0m

[0;31mAttributeError[0m: module 'scipy.integrate' has no attribute 'cumulative_trapezoid'
/usr/lib64/python3.6/site-packages/scipy/optimize/minpack.py:728: RuntimeWarning: divide by zero encountered in true_divide
  transform = 1.0 / sigma
/usr/lib64/python3.6/site-packages/scipy/optimize/minpack.py:794: OptimizeWarning: Covariance of the parameters could not be estimated
  category=OptimizeWarning)
/usr/lib64/python3.6/site-packages/scipy/optimize/minpack.py:794: OptimizeWarning: Covariance of the parameters could not be estimated
  category=OptimizeWarning)
/usr/lib64/python3.6/site-packages/scipy/optimize/minpack.py:794: OptimizeWarning: Covariance of the parameters could not be estimated
  category=OptimizeWarning)
/usr/lib64/python3.6/site-packages/scipy/optimize/minpack.py:794: OptimizeWarning: Covariance of the parameters could not be estimated
  category=OptimizeWarning)
sending incremental file list
./
Backup_fast.sh
Backup_fast.sh~
COEX_3000atm.zip
coex.zip
job.sh
job.sh~
job_equil.sh
job_equil.sh~
jobs
sending incremental file list
