Ih 1 260
Ih 1 265
Ih 1 270
Ih 1 275
Ih 1 280
Ih 1000 255
Ih 1000 260
Ih 1000 265
Ih 1000 270
II 2000 240
II 2000 260
II 3000 245
II 3000 250
II 3000 255
II 3000 260
II 3000 275
II 4000 240
II 4000 245
II 4000 250
II 4000 255
II 4000 260
II 5000 240
II 5000 260
II 6000 245
II 6000 250
II 6000 255
II 6000 260
II 6000 275
III 2000 225
III 2000 230
III 2000 235
III 2000 240
III 2000 245
III 2000 250
III 2000 255
III 2000 260
III 3000 235
III 3000 240
III 3000 245
III 3000 250
III 3000 255
III 3000 260
III 3000 265
III 3000 270
III 5000 250
III 5000 255
III 5000 260
III 5000 265
III 5000 270
III 6000 250
III 6000 255
III 6000 260
III 6000 265
III 6000 270
V 5000 245
V 5000 250
V 5000 255
V 5000 260
V 5000 265
V 6000 255
V 6000 260
V 6000 265
V 6000 270
V 6000 275
VI 7000 245
VI 7000 250
VI 7000 255
VI 7000 260
VI 7000 265
VI 7000 270
VI 7000 275
VI 9000 255
VI 9000 260
VI 9000 265
VI 9000 270
VI 9000 275
VI 9000 280
VI 9000 285