 1871  3747 33485 Ih/1000atm_260K/deepmd/Liq/PE.dat
 352  709 6310    II/2000atm_240K/deepmd/Liq/PE.dat
 5077 10159 90795 II/3000atm_255K/deepmd/Liq/PE.dat
  659  1323 11140 III/2000atm_250K/deepmd/III/PE.dat
 5588 11181 99973 III/3000atm_255K/deepmd/Liq/PE.dat
 3091  6187 52204 III/5000atm_265K/deepmd/Liq/PE.dat
 4862  9729 86988 III/6000atm_255K/deepmd/Liq/PE.dat
 5016 10037 86053 III/6000atm_265K/deepmd/Liq/PE.dat
 4899  9803 87694 V/5000atm_245K/deepmd/Liq/PE.dat
 4844  9693 86717 V/5000atm_260K/deepmd/Liq/PE.dat
  7037  14079 125 V/5000atm_265K/deepmd/Liq/PE.dat
 5613 11231 98267 V/6000atm_265K/deepmd/Liq/PE.dat
 4515  9035 76296 V/6000atm_270K/deepmd/Liq/PE.dat
 4367  8739 78136 VI/9000atm_270K/deepmd/Liq/PE.dat
 1871  3747 33485 Ih/1000atm_260K/deepmd/Liq/PE.dat
 352  709 6310 II/2000atm_240K/deepmd/Liq/PE.dat
 5077 10159 90795 II/3000atm_255K/deepmd/Liq/PE.dat
  659  1323 11140 III/2000atm_250K/deepmd/III/PE.dat
 5588 11181 99973 III/3000atm_255K/deepmd/Liq/PE.dat
 3091  6187 52204 III/5000atm_265K/deepmd/Liq/PE.dat
 4862  9729 86988 III/6000atm_255K/deepmd/Liq/PE.dat
 5016 10037 86053 III/6000atm_265K/deepmd/Liq/PE.dat
 4899  9803 87694 V/5000atm_245K/deepmd/Liq/PE.dat
 4844  9693 86717 V/5000atm_260K/deepmd/Liq/PE.dat
  7037  14079 125825 V/5000atm_265K/deepmd/Liq/PE.dat
 5613 11231 98267 V/6000atm_265K/deepmd/Liq/PE.dat
 4515  9035 76296 V/6000atm_270K/deepmd/Liq/PE.dat
 4367  8739 78136 VI/9000atm_270K/deepmd/Liq/PE.dat
